Building DAG of jobs...
Using shell: /bin/bash
Provided cores: 1
Rules claiming more threads will be scaled down.
Job counts:
	count	jobs
	1	all
	1	bcftools_call
	2	bwa_map
	2	samtools_index
	2	samtools_sort
	8

[Fri Oct 26 18:01:05 2018]
rule bwa_map:
    input: data/genome.fa, data/samples/A.fastq
    output: mapped_reads/A.bam
    jobid: 7
    wildcards: sample=A

[Fri Oct 26 18:01:05 2018]
Finished job 7.
1 of 8 steps (12%) done

[Fri Oct 26 18:01:05 2018]
rule bwa_map:
    input: data/genome.fa, data/samples/B.fastq
    output: mapped_reads/B.bam
    jobid: 6
    wildcards: sample=B

[Fri Oct 26 18:01:05 2018]
Finished job 6.
2 of 8 steps (25%) done

[Fri Oct 26 18:01:05 2018]
rule samtools_sort:
    input: mapped_reads/A.bam
    output: sorted_reads/A.bam
    jobid: 5
    wildcards: sample=A

[Fri Oct 26 18:01:05 2018]
Finished job 5.
3 of 8 steps (38%) done

[Fri Oct 26 18:01:05 2018]
rule samtools_index:
    input: sorted_reads/A.bam
    output: sorted_reads/A.bam.bai
    jobid: 3
    wildcards: sample=A

[Fri Oct 26 18:01:05 2018]
Finished job 3.
4 of 8 steps (50%) done

[Fri Oct 26 18:01:06 2018]
rule samtools_sort:
    input: mapped_reads/B.bam
    output: sorted_reads/B.bam
    jobid: 4
    wildcards: sample=B

[Fri Oct 26 18:01:06 2018]
Finished job 4.
5 of 8 steps (62%) done

[Fri Oct 26 18:01:06 2018]
rule samtools_index:
    input: sorted_reads/B.bam
    output: sorted_reads/B.bam.bai
    jobid: 2
    wildcards: sample=B

[Fri Oct 26 18:01:06 2018]
Finished job 2.
6 of 8 steps (75%) done

[Fri Oct 26 18:01:06 2018]
rule bcftools_call:
    input: data/genome.fa, sorted_reads/A.bam.bai, sorted_reads/B.bam.bai, sorted_reads/A.bam, sorted_reads/B.bam
    output: calls/all.vcf
    jobid: 1

[Fri Oct 26 18:01:06 2018]
Finished job 1.
7 of 8 steps (88%) done

[Fri Oct 26 18:01:06 2018]
localrule all:
    input: calls/all.vcf
    jobid: 0

[Fri Oct 26 18:01:06 2018]
Finished job 0.
8 of 8 steps (100%) done
Complete log: /Users/rui/Google Drive/github/bsub/snakemake/tutorial_bwa/.snakemake/log/2018-10-26T180105.852206.snakemake.log
