Building DAG of jobs...
Using shell: /bin/bash
Provided cores: 1
Rules claiming more threads will be scaled down.
Job counts:
	count	jobs
	1	plot_quals
	1

[Fri Oct 26 17:39:20 2018]
rule plot_quals:
    input: calls/all.vcf
    output: plots/quals.svg
    jobid: 0

[Fri Oct 26 17:39:20 2018]
Error in rule plot_quals:
    jobid: 0
    output: plots/quals.svg

RuleException:
WorkflowError in line 49 of /Users/rui/Google Drive/github/bsub/snakemake/tutorial_bwa/Snakefile:
URLError: <urlopen error [Errno 2] No such file or directory: '/Users/rui/Google Drive/github/bsub/snakemake/tutorial_bwa/scripts/plot-quals.py'>
  File "/Users/rui/Google Drive/github/bsub/snakemake/tutorial_bwa/Snakefile", line 49, in __rule_plot_quals
  File "/Users/rui/anaconda3/envs/py35/lib/python3.5/concurrent/futures/thread.py", line 55, in run
Shutting down, this might take some time.
Exiting because a job execution failed. Look above for error message
Complete log: /Users/rui/Google Drive/github/bsub/snakemake/tutorial_bwa/.snakemake/log/2018-10-26T173920.570199.snakemake.log
