Building DAG of jobs...
Using shell: /bin/bash
Provided cores: 1
Rules claiming more threads will be scaled down.
Job counts:
	count	jobs
	1	bcftools_call
	2	bwa_map
	2	samtools_index
	2	samtools_sort
	7

[Fri Oct 26 17:31:15 2018]
rule bwa_map:
    input: data/genome.fa, data/samples/A.fastq
    output: mapped_reads/A.bam
    jobid: 5
    wildcards: sample=A

[Fri Oct 26 17:31:15 2018]
Finished job 5.
1 of 7 steps (14%) done

[Fri Oct 26 17:31:15 2018]
rule bwa_map:
    input: data/genome.fa, data/samples/B.fastq
    output: mapped_reads/B.bam
    jobid: 6
    wildcards: sample=B

[Fri Oct 26 17:31:15 2018]
Finished job 6.
2 of 7 steps (29%) done

[Fri Oct 26 17:31:15 2018]
rule samtools_sort:
    input: mapped_reads/A.bam
    output: sorted_reads/A.bam
    jobid: 2
    wildcards: sample=A

[Fri Oct 26 17:31:16 2018]
Finished job 2.
3 of 7 steps (43%) done

[Fri Oct 26 17:31:16 2018]
rule samtools_index:
    input: sorted_reads/A.bam
    output: sorted_reads/A.bam.bai
    jobid: 3
    wildcards: sample=A

[Fri Oct 26 17:31:16 2018]
Finished job 3.
4 of 7 steps (57%) done

[Fri Oct 26 17:31:16 2018]
rule samtools_sort:
    input: mapped_reads/B.bam
    output: sorted_reads/B.bam
    jobid: 4
    wildcards: sample=B

[Fri Oct 26 17:31:16 2018]
Finished job 4.
5 of 7 steps (71%) done

[Fri Oct 26 17:31:16 2018]
rule samtools_index:
    input: sorted_reads/B.bam
    output: sorted_reads/B.bam.bai
    jobid: 1
    wildcards: sample=B

[Fri Oct 26 17:31:16 2018]
Finished job 1.
6 of 7 steps (86%) done

[Fri Oct 26 17:31:16 2018]
rule bcftools_call:
    input: sorted_reads/A.bam.bai, sorted_reads/B.bam.bai, sorted_reads/A.bam, sorted_reads/B.bam, data/genome.fa
    output: calls/all.vcf
    jobid: 0

[Fri Oct 26 17:31:16 2018]
Finished job 0.
7 of 7 steps (100%) done
Complete log: /Users/rui/Google Drive/github/bsub/snakemake/tutorial_bwa/.snakemake/log/2018-10-26T173115.865960.snakemake.log
