Building DAG of jobs...
Using shell: /bin/bash
Provided cores: 1
Rules claiming more threads will be scaled down.
Job counts:
	count	jobs
	2	samtools_index
	2

[Fri Oct 26 16:46:15 2018]
rule samtools_index:
    input: sorted_reads/B.bam
    output: sorted_reads/B.bam.bai
    jobid: 0
    wildcards: sample=B

[Fri Oct 26 16:46:15 2018]
Finished job 0.
1 of 2 steps (50%) done

[Fri Oct 26 16:46:15 2018]
rule samtools_index:
    input: sorted_reads/A.bam
    output: sorted_reads/A.bam.bai
    jobid: 1
    wildcards: sample=A

[Fri Oct 26 16:46:15 2018]
Finished job 1.
2 of 2 steps (100%) done
Complete log: /Users/rui/Google Drive/github/bsub/snakemake/tutorial_bwa/.snakemake/log/2018-10-26T164615.295727.snakemake.log
