Building DAG of jobs...
Using shell: /bin/bash
Provided cores: 1
Rules claiming more threads will be scaled down.
Job counts:
	count	jobs
	2	samtools_index
	2	samtools_sort
	4

[Fri Oct 26 17:27:46 2018]
rule samtools_sort:
    input: mapped_reads/A.bam
    output: sorted_reads/A.bam
    jobid: 3
    wildcards: sample=A

[Fri Oct 26 17:27:46 2018]
Finished job 3.
1 of 4 steps (25%) done

[Fri Oct 26 17:27:46 2018]
rule samtools_index:
    input: sorted_reads/A.bam
    output: sorted_reads/A.bam.bai
    jobid: 1
    wildcards: sample=A

[Fri Oct 26 17:27:46 2018]
Finished job 1.
2 of 4 steps (50%) done

[Fri Oct 26 17:27:46 2018]
rule samtools_sort:
    input: mapped_reads/B.bam
    output: sorted_reads/B.bam
    jobid: 2
    wildcards: sample=B

[Fri Oct 26 17:27:46 2018]
Finished job 2.
3 of 4 steps (75%) done

[Fri Oct 26 17:27:46 2018]
rule samtools_index:
    input: sorted_reads/B.bam
    output: sorted_reads/B.bam.bai
    jobid: 0
    wildcards: sample=B

[Fri Oct 26 17:27:46 2018]
Finished job 0.
4 of 4 steps (100%) done
Complete log: /Users/rui/Google Drive/github/bsub/snakemake/tutorial_bwa/.snakemake/log/2018-10-26T172746.162368.snakemake.log
